<?xml version="1.0" encoding="UTF-8"?>
<!-- Generated by org.testng.reporters.JUnitReportReporter -->
<testsuite skipped="0" hostname="ROS-PC331" name="flows.PiaFlow" tests="1" failures="0" timestamp="09 Oct 2019 06:37:15 GMT" time="33.517" errors="0">
  <testcase name="test" time="33.517" classname="flows.PiaFlow"/>
</testsuite> <!-- flows.PiaFlow -->
