<?xml version="1.0" encoding="UTF-8"?>
<!-- Generated by org.testng.reporters.JUnitReportReporter -->
<testsuite skipped="0" hostname="ROS-PC331" name="flows.CebuFlow" tests="1" failures="0" timestamp="14 Oct 2019 08:04:50 GMT" time="171.183" errors="0">
  <testcase name="test" time="171.183" classname="flows.CebuFlow"/>
</testsuite> <!-- flows.CebuFlow -->
