<?xml version="1.0" encoding="UTF-8"?>
<!-- Generated by org.testng.reporters.JUnitReportReporter -->
<testsuite skipped="0" hostname="ROS-PC331" name="flows.CebuFlow" tests="1" failures="0" timestamp="22 Oct 2019 07:07:28 GMT" time="132.745" errors="0">
  <testcase name="test" time="132.745" classname="flows.CebuFlow"/>
</testsuite> <!-- flows.CebuFlow -->
