<?xml version="1.0" encoding="UTF-8"?>
<!-- Generated by org.testng.reporters.JUnitReportReporter -->
<testsuite skipped="0" hostname="ROS-PC331" name="flows.CebuSRP" tests="1" failures="0" timestamp="11 Oct 2019 04:18:18 GMT" time="29.899" errors="0">
  <testcase name="test" time="29.899" classname="flows.CebuSRP"/>
</testsuite> <!-- flows.CebuSRP -->
