<?xml version="1.0" encoding="UTF-8"?>
<!-- Generated by org.testng.reporters.JUnitReportReporter -->
<testsuite skipped="0" hostname="ROS-PC331" name="flows.Vpn" tests="1" failures="0" timestamp="25 Oct 2019 09:29:56 GMT" time="28.127" errors="0">
  <testcase name="test" time="28.127" classname="flows.Vpn"/>
</testsuite> <!-- flows.Vpn -->
