<?xml version="1.0" encoding="UTF-8"?>
<!-- Generated by org.testng.reporters.JUnitReportReporter -->
<testsuite skipped="0" hostname="ROS-PC331" name="flows.CebuSRP" tests="1" failures="0" timestamp="25 Oct 2019 07:33:38 GMT" time="714.610" errors="0">
  <testcase name="test" time="714.610" classname="flows.CebuSRP"/>
</testsuite> <!-- flows.CebuSRP -->
